<?xml version="1.0" encoding="UTF-8"?>
<!-- Generated by org.testng.reporters.JUnitReportReporter -->
<testsuite hostname="DESKTOP-93DVGPK" failures="0" tests="4" name="api.test.UserTests2" time="1.903" errors="0" timestamp="2025-01-09T15:29:38 GMT-05:00" skipped="0">
  <testcase classname="api.test.UserTests2" name="testPostUser" time="0.434"/>
  <testcase classname="api.test.UserTests2" name="testGetUserByName" time="0.441"/>
  <testcase classname="api.test.UserTests2" name="testUpdateUser" time="0.714"/>
  <testcase classname="api.test.UserTests2" name="testDeleteUserByName" time="0.314"/>
</testsuite> <!-- api.test.UserTests2 -->
