<?xml version="1.0" encoding="UTF-8"?>
<!-- Generated by org.testng.reporters.JUnitReportReporter -->
<testsuite hostname="DESKTOP-93DVGPK" failures="0" tests="4" name="api.test.UserTests" time="3.515" errors="0" timestamp="2025-01-09T15:29:38 GMT-05:00" skipped="0">
  <testcase classname="api.test.UserTests" name="testPostUser" time="2.230"/>
  <testcase classname="api.test.UserTests" name="testGetUserByName" time="0.418"/>
  <testcase classname="api.test.UserTests" name="testUpdateUser" time="0.586"/>
  <testcase classname="api.test.UserTests" name="testDeleteUserByName" time="0.281"/>
</testsuite> <!-- api.test.UserTests -->
